Determining if the pthread_create exist failed with the following output:
Change Dir: /home/pi/catkin_ws/build/turtlebot3_description/CMakeFiles/CMakeTmp

Run Build Command:"/usr/bin/make" "cmTC_6f2b5/fast"
/usr/bin/make -f CMakeFiles/cmTC_6f2b5.dir/build.make CMakeFiles/cmTC_6f2b5.dir/build
make[1]: Entering directory '/home/pi/catkin_ws/build/turtlebot3_description/CMakeFiles/CMakeTmp'
Building C object CMakeFiles/cmTC_6f2b5.dir/CheckSymbolExists.c.o
/usr/bin/cc    -o CMakeFiles/cmTC_6f2b5.dir/CheckSymbolExists.c.o   -c /home/pi/catkin_ws/build/turtlebot3_description/CMakeFiles/CMakeTmp/CheckSymbolExists.c
Linking C executable cmTC_6f2b5
/usr/bin/cmake -E cmake_link_script CMakeFiles/cmTC_6f2b5.dir/link.txt --verbose=1
/usr/bin/cc      -rdynamic CMakeFiles/cmTC_6f2b5.dir/CheckSymbolExists.c.o  -o cmTC_6f2b5 
/usr/bin/ld: CMakeFiles/cmTC_6f2b5.dir/CheckSymbolExists.c.o: in function `main':
CheckSymbolExists.c:(.text+0x38): undefined reference to `pthread_create'
collect2: error: ld returned 1 exit status
make[1]: *** [CMakeFiles/cmTC_6f2b5.dir/build.make:87: cmTC_6f2b5] Error 1
make[1]: Leaving directory '/home/pi/catkin_ws/build/turtlebot3_description/CMakeFiles/CMakeTmp'
make: *** [Makefile:121: cmTC_6f2b5/fast] Error 2

File /home/pi/catkin_ws/build/turtlebot3_description/CMakeFiles/CMakeTmp/CheckSymbolExists.c:
/* */
#include <pthread.h>

int main(int argc, char** argv)
{
  (void)argv;
#ifndef pthread_create
  return ((int*)(&pthread_create))[argc];
#else
  (void)argc;
  return 0;
#endif
}

Determining if the function pthread_create exists in the pthreads failed with the following output:
Change Dir: /home/pi/catkin_ws/build/turtlebot3_description/CMakeFiles/CMakeTmp

Run Build Command:"/usr/bin/make" "cmTC_cee85/fast"
/usr/bin/make -f CMakeFiles/cmTC_cee85.dir/build.make CMakeFiles/cmTC_cee85.dir/build
make[1]: Entering directory '/home/pi/catkin_ws/build/turtlebot3_description/CMakeFiles/CMakeTmp'
Building C object CMakeFiles/cmTC_cee85.dir/CheckFunctionExists.c.o
/usr/bin/cc   -DCHECK_FUNCTION_EXISTS=pthread_create   -o CMakeFiles/cmTC_cee85.dir/CheckFunctionExists.c.o   -c /usr/share/cmake-3.13/Modules/CheckFunctionExists.c
Linking C executable cmTC_cee85
/usr/bin/cmake -E cmake_link_script CMakeFiles/cmTC_cee85.dir/link.txt --verbose=1
/usr/bin/cc  -DCHECK_FUNCTION_EXISTS=pthread_create    -rdynamic CMakeFiles/cmTC_cee85.dir/CheckFunctionExists.c.o  -o cmTC_cee85 -lpthreads 
/usr/bin/ld: cannot find -lpthreads
collect2: error: ld returned 1 exit status
make[1]: *** [CMakeFiles/cmTC_cee85.dir/build.make:87: cmTC_cee85] Error 1
make[1]: Leaving directory '/home/pi/catkin_ws/build/turtlebot3_description/CMakeFiles/CMakeTmp'
make: *** [Makefile:121: cmTC_cee85/fast] Error 2


