Determining if the pthread_create exist failed with the following output:
Change Dir: /home/pi/catkin_ws/build/joint_state_publisher/CMakeFiles/CMakeTmp

Run Build Command:"/usr/bin/make" "cmTC_12c36/fast"
/usr/bin/make -f CMakeFiles/cmTC_12c36.dir/build.make CMakeFiles/cmTC_12c36.dir/build
make[1]: Entering directory '/home/pi/catkin_ws/build/joint_state_publisher/CMakeFiles/CMakeTmp'
Building C object CMakeFiles/cmTC_12c36.dir/CheckSymbolExists.c.o
/usr/bin/cc    -o CMakeFiles/cmTC_12c36.dir/CheckSymbolExists.c.o   -c /home/pi/catkin_ws/build/joint_state_publisher/CMakeFiles/CMakeTmp/CheckSymbolExists.c
Linking C executable cmTC_12c36
/usr/bin/cmake -E cmake_link_script CMakeFiles/cmTC_12c36.dir/link.txt --verbose=1
/usr/bin/cc      -rdynamic CMakeFiles/cmTC_12c36.dir/CheckSymbolExists.c.o  -o cmTC_12c36 
/usr/bin/ld: CMakeFiles/cmTC_12c36.dir/CheckSymbolExists.c.o: in function `main':
CheckSymbolExists.c:(.text+0x38): undefined reference to `pthread_create'
collect2: error: ld returned 1 exit status
make[1]: *** [CMakeFiles/cmTC_12c36.dir/build.make:87: cmTC_12c36] Error 1
make[1]: Leaving directory '/home/pi/catkin_ws/build/joint_state_publisher/CMakeFiles/CMakeTmp'
make: *** [Makefile:121: cmTC_12c36/fast] Error 2

File /home/pi/catkin_ws/build/joint_state_publisher/CMakeFiles/CMakeTmp/CheckSymbolExists.c:
/* */
#include <pthread.h>

int main(int argc, char** argv)
{
  (void)argv;
#ifndef pthread_create
  return ((int*)(&pthread_create))[argc];
#else
  (void)argc;
  return 0;
#endif
}

Determining if the function pthread_create exists in the pthreads failed with the following output:
Change Dir: /home/pi/catkin_ws/build/joint_state_publisher/CMakeFiles/CMakeTmp

Run Build Command:"/usr/bin/make" "cmTC_6670a/fast"
/usr/bin/make -f CMakeFiles/cmTC_6670a.dir/build.make CMakeFiles/cmTC_6670a.dir/build
make[1]: Entering directory '/home/pi/catkin_ws/build/joint_state_publisher/CMakeFiles/CMakeTmp'
Building C object CMakeFiles/cmTC_6670a.dir/CheckFunctionExists.c.o
/usr/bin/cc   -DCHECK_FUNCTION_EXISTS=pthread_create   -o CMakeFiles/cmTC_6670a.dir/CheckFunctionExists.c.o   -c /usr/share/cmake-3.13/Modules/CheckFunctionExists.c
Linking C executable cmTC_6670a
/usr/bin/cmake -E cmake_link_script CMakeFiles/cmTC_6670a.dir/link.txt --verbose=1
/usr/bin/cc  -DCHECK_FUNCTION_EXISTS=pthread_create    -rdynamic CMakeFiles/cmTC_6670a.dir/CheckFunctionExists.c.o  -o cmTC_6670a -lpthreads 
/usr/bin/ld: cannot find -lpthreads
collect2: error: ld returned 1 exit status
make[1]: *** [CMakeFiles/cmTC_6670a.dir/build.make:87: cmTC_6670a] Error 1
make[1]: Leaving directory '/home/pi/catkin_ws/build/joint_state_publisher/CMakeFiles/CMakeTmp'
make: *** [Makefile:121: cmTC_6670a/fast] Error 2


