Determining if the pthread_create exist failed with the following output:
Change Dir: /home/pi/catkin_ws/build/catkin_tools_prebuild/CMakeFiles/CMakeTmp

Run Build Command:"/usr/bin/make" "cmTC_a4e3c/fast"
/usr/bin/make -f CMakeFiles/cmTC_a4e3c.dir/build.make CMakeFiles/cmTC_a4e3c.dir/build
make[1]: Entering directory '/home/pi/catkin_ws/build/catkin_tools_prebuild/CMakeFiles/CMakeTmp'
Building C object CMakeFiles/cmTC_a4e3c.dir/CheckSymbolExists.c.o
/usr/bin/cc    -o CMakeFiles/cmTC_a4e3c.dir/CheckSymbolExists.c.o   -c /home/pi/catkin_ws/build/catkin_tools_prebuild/CMakeFiles/CMakeTmp/CheckSymbolExists.c
Linking C executable cmTC_a4e3c
/usr/bin/cmake -E cmake_link_script CMakeFiles/cmTC_a4e3c.dir/link.txt --verbose=1
/usr/bin/cc      -rdynamic CMakeFiles/cmTC_a4e3c.dir/CheckSymbolExists.c.o  -o cmTC_a4e3c 
/usr/bin/ld: CMakeFiles/cmTC_a4e3c.dir/CheckSymbolExists.c.o: in function `main':
CheckSymbolExists.c:(.text+0x38): undefined reference to `pthread_create'
collect2: error: ld returned 1 exit status
make[1]: *** [CMakeFiles/cmTC_a4e3c.dir/build.make:87: cmTC_a4e3c] Error 1
make[1]: Leaving directory '/home/pi/catkin_ws/build/catkin_tools_prebuild/CMakeFiles/CMakeTmp'
make: *** [Makefile:121: cmTC_a4e3c/fast] Error 2

File /home/pi/catkin_ws/build/catkin_tools_prebuild/CMakeFiles/CMakeTmp/CheckSymbolExists.c:
/* */
#include <pthread.h>

int main(int argc, char** argv)
{
  (void)argv;
#ifndef pthread_create
  return ((int*)(&pthread_create))[argc];
#else
  (void)argc;
  return 0;
#endif
}

Determining if the function pthread_create exists in the pthreads failed with the following output:
Change Dir: /home/pi/catkin_ws/build/catkin_tools_prebuild/CMakeFiles/CMakeTmp

Run Build Command:"/usr/bin/make" "cmTC_26537/fast"
/usr/bin/make -f CMakeFiles/cmTC_26537.dir/build.make CMakeFiles/cmTC_26537.dir/build
make[1]: Entering directory '/home/pi/catkin_ws/build/catkin_tools_prebuild/CMakeFiles/CMakeTmp'
Building C object CMakeFiles/cmTC_26537.dir/CheckFunctionExists.c.o
/usr/bin/cc   -DCHECK_FUNCTION_EXISTS=pthread_create   -o CMakeFiles/cmTC_26537.dir/CheckFunctionExists.c.o   -c /usr/share/cmake-3.13/Modules/CheckFunctionExists.c
Linking C executable cmTC_26537
/usr/bin/cmake -E cmake_link_script CMakeFiles/cmTC_26537.dir/link.txt --verbose=1
/usr/bin/cc  -DCHECK_FUNCTION_EXISTS=pthread_create    -rdynamic CMakeFiles/cmTC_26537.dir/CheckFunctionExists.c.o  -o cmTC_26537 -lpthreads 
/usr/bin/ld: cannot find -lpthreads
collect2: error: ld returned 1 exit status
make[1]: *** [CMakeFiles/cmTC_26537.dir/build.make:87: cmTC_26537] Error 1
make[1]: Leaving directory '/home/pi/catkin_ws/build/catkin_tools_prebuild/CMakeFiles/CMakeTmp'
make: *** [Makefile:121: cmTC_26537/fast] Error 2


